[debug] [2022-12-27T10:59:45.967Z] ----------------------------------------------------------------------
[debug] [2022-12-27T10:59:45.968Z] Command:       /Users/kparwan/.nvm/versions/node/v16.15.1/bin/node /Users/kparwan/.nvm/versions/node/v16.15.1/bin/firebase init
[debug] [2022-12-27T10:59:45.969Z] CLI Version:   11.19.0
[debug] [2022-12-27T10:59:45.969Z] Platform:      darwin
[debug] [2022-12-27T10:59:45.969Z] Node Version:  v16.15.1
[debug] [2022-12-27T10:59:45.969Z] Time:          Tue Dec 27 2022 14:59:45 GMT+0400 (Mauritius Standard Time)
[debug] [2022-12-27T10:59:45.969Z] ----------------------------------------------------------------------
[debug] 
[debug] [2022-12-27T10:59:45.972Z] > command requires scopes: ["email","openid","https://www.googleapis.com/auth/cloudplatformprojects.readonly","https://www.googleapis.com/auth/firebase","https://www.googleapis.com/auth/cloud-platform"]
[debug] [2022-12-27T10:59:45.972Z] > authorizing via signed-in user (nileshparwan.utm.bse16b@gmail.com)
[info] 
     ######## #### ########  ######## ########     ###     ######  ########
     ##        ##  ##     ## ##       ##     ##  ##   ##  ##       ##
     ######    ##  ########  ######   ########  #########  ######  ######
     ##        ##  ##    ##  ##       ##     ## ##     ##       ## ##
     ##       #### ##     ## ######## ########  ##     ##  ######  ########

You're about to initialize a Firebase project in this directory:

  /Users/kparwan/Documents/sandbox/redux/gmail-clone

[debug] [2022-12-27T11:01:31.017Z] Error: setRawMode ENOENT
    at ReadStream.setRawMode (node:tty:78:31)
    at Interface._setRawMode (node:readline:399:16)
    at Interface.close (node:readline:583:10)
    at ReadStream.ontermend (node:readline:284:10)
    at ReadStream.emit (node:events:539:35)
    at ReadStream.emit (node:domain:475:12)
    at endReadableNT (node:internal/streams/readable:1345:12)
    at processTicksAndRejections (node:internal/process/task_queues:83:21)
[error] 
[error] Error: An unexpected error has occurred.
[debug] [2022-12-27T11:01:31.019Z] Error: write EIO
    at afterWriteDispatched (node:internal/stream_base_commons:160:15)
    at writeGeneric (node:internal/stream_base_commons:151:3)
    at WriteStream.Socket._writeGeneric (node:net:817:11)
    at WriteStream.Socket._write (node:net:829:8)
    at writeOrBuffer (node:internal/streams/writable:389:12)
    at _write (node:internal/streams/writable:330:10)
    at WriteStream.Writable.write (node:internal/streams/writable:334:10)
    at Console.log (/Users/kparwan/.nvm/versions/node/v16.15.1/lib/node_modules/firebase-tools/node_modules/winston/lib/winston/transports/console.js:79:23)
    at Console._write (/Users/kparwan/.nvm/versions/node/v16.15.1/lib/node_modules/firebase-tools/node_modules/winston-transport/index.js:103:17)
    at doWrite (/Users/kparwan/.nvm/versions/node/v16.15.1/lib/node_modules/firebase-tools/node_modules/winston-transport/node_modules/readable-stream/lib/_stream_writable.js:428:64)
    at writeOrBuffer (/Users/kparwan/.nvm/versions/node/v16.15.1/lib/node_modules/firebase-tools/node_modules/winston-transport/node_modules/readable-stream/lib/_stream_writable.js:417:5)
    at Console.Writable.write (/Users/kparwan/.nvm/versions/node/v16.15.1/lib/node_modules/firebase-tools/node_modules/winston-transport/node_modules/readable-stream/lib/_stream_writable.js:334:11)
    at DerivedLogger.ondata (/Users/kparwan/.nvm/versions/node/v16.15.1/lib/node_modules/firebase-tools/node_modules/readable-stream/lib/_stream_readable.js:681:20)
    at DerivedLogger.emit (node:events:539:35)
    at DerivedLogger.emit (node:domain:475:12)
    at addChunk (/Users/kparwan/.nvm/versions/node/v16.15.1/lib/node_modules/firebase-tools/node_modules/readable-stream/lib/_stream_readable.js:298:12)
[error] 
[error] Error: An unexpected error has occurred.
[debug] [2022-12-27T11:01:31.020Z] Error: write EIO
    at afterWriteDispatched (node:internal/stream_base_commons:160:15)
    at writeGeneric (node:internal/stream_base_commons:151:3)
    at WriteStream.Socket._writeGeneric (node:net:817:11)
    at WriteStream.Socket._write (node:net:829:8)
    at writeOrBuffer (node:internal/streams/writable:389:12)
    at _write (node:internal/streams/writable:330:10)
    at WriteStream.Writable.write (node:internal/streams/writable:334:10)
    at Console.log (/Users/kparwan/.nvm/versions/node/v16.15.1/lib/node_modules/firebase-tools/node_modules/winston/lib/winston/transports/console.js:79:23)
    at Console._write (/Users/kparwan/.nvm/versions/node/v16.15.1/lib/node_modules/firebase-tools/node_modules/winston-transport/index.js:103:17)
    at doWrite (/Users/kparwan/.nvm/versions/node/v16.15.1/lib/node_modules/firebase-tools/node_modules/winston-transport/node_modules/readable-stream/lib/_stream_writable.js:428:64)
    at writeOrBuffer (/Users/kparwan/.nvm/versions/node/v16.15.1/lib/node_modules/firebase-tools/node_modules/winston-transport/node_modules/readable-stream/lib/_stream_writable.js:417:5)
    at Console.Writable.write (/Users/kparwan/.nvm/versions/node/v16.15.1/lib/node_modules/firebase-tools/node_modules/winston-transport/node_modules/readable-stream/lib/_stream_writable.js:334:11)
    at DerivedLogger.ondata (/Users/kparwan/.nvm/versions/node/v16.15.1/lib/node_modules/firebase-tools/node_modules/readable-stream/lib/_stream_readable.js:681:20)
    at DerivedLogger.emit (node:events:539:35)
    at DerivedLogger.emit (node:domain:475:12)
    at addChunk (/Users/kparwan/.nvm/versions/node/v16.15.1/lib/node_modules/firebase-tools/node_modules/readable-stream/lib/_stream_readable.js:298:12)
[error] 
[error] Error: An unexpected error has occurred.
[debug] [2022-12-27T11:01:31.020Z] Error: write EIO
    at afterWriteDispatched (node:internal/stream_base_commons:160:15)
    at writeGeneric (node:internal/stream_base_commons:151:3)
    at WriteStream.Socket._writeGeneric (node:net:817:11)
    at WriteStream.Socket._write (node:net:829:8)
    at writeOrBuffer (node:internal/streams/writable:389:12)
    at _write (node:internal/streams/writable:330:10)
    at WriteStream.Writable.write (node:internal/streams/writable:334:10)
    at Console.log (/Users/kparwan/.nvm/versions/node/v16.15.1/lib/node_modules/firebase-tools/node_modules/winston/lib/winston/transports/console.js:79:23)
    at Console._write (/Users/kparwan/.nvm/versions/node/v16.15.1/lib/node_modules/firebase-tools/node_modules/winston-transport/index.js:103:17)
    at doWrite (/Users/kparwan/.nvm/versions/node/v16.15.1/lib/node_modules/firebase-tools/node_modules/winston-transport/node_modules/readable-stream/lib/_stream_writable.js:428:64)
    at writeOrBuffer (/Users/kparwan/.nvm/versions/node/v16.15.1/lib/node_modules/firebase-tools/node_modules/winston-transport/node_modules/readable-stream/lib/_stream_writable.js:417:5)
    at Console.Writable.write (/Users/kparwan/.nvm/versions/node/v16.15.1/lib/node_modules/firebase-tools/node_modules/winston-transport/node_modules/readable-stream/lib/_stream_writable.js:334:11)
    at DerivedLogger.ondata (/Users/kparwan/.nvm/versions/node/v16.15.1/lib/node_modules/firebase-tools/node_modules/readable-stream/lib/_stream_readable.js:681:20)
    at DerivedLogger.emit (node:events:539:35)
    at DerivedLogger.emit (node:domain:475:12)
    at addChunk (/Users/kparwan/.nvm/versions/node/v16.15.1/lib/node_modules/firebase-tools/node_modules/readable-stream/lib/_stream_readable.js:298:12)
[error] 
[error] Error: An unexpected error has occurred.
[debug] [2022-12-27T11:01:31.021Z] Error: write EIO
    at afterWriteDispatched (node:internal/stream_base_commons:160:15)
    at writeGeneric (node:internal/stream_base_commons:151:3)
    at WriteStream.Socket._writeGeneric (node:net:817:11)
    at WriteStream.Socket._write (node:net:829:8)
    at writeOrBuffer (node:internal/streams/writable:389:12)
    at _write (node:internal/streams/writable:330:10)
    at WriteStream.Writable.write (node:internal/streams/writable:334:10)
    at Console.log (/Users/kparwan/.nvm/versions/node/v16.15.1/lib/node_modules/firebase-tools/node_modules/winston/lib/winston/transports/console.js:79:23)
    at Console._write (/Users/kparwan/.nvm/versions/node/v16.15.1/lib/node_modules/firebase-tools/node_modules/winston-transport/index.js:103:17)
    at doWrite (/Users/kparwan/.nvm/versions/node/v16.15.1/lib/node_modules/firebase-tools/node_modules/winston-transport/node_modules/readable-stream/lib/_stream_writable.js:428:64)
    at writeOrBuffer (/Users/kparwan/.nvm/versions/node/v16.15.1/lib/node_modules/firebase-tools/node_modules/winston-transport/node_modules/readable-stream/lib/_stream_writable.js:417:5)
    at Console.Writable.write (/Users/kparwan/.nvm/versions/node/v16.15.1/lib/node_modules/firebase-tools/node_modules/winston-transport/node_modules/readable-stream/lib/_stream_writable.js:334:11)
    at DerivedLogger.ondata (/Users/kparwan/.nvm/versions/node/v16.15.1/lib/node_modules/firebase-tools/node_modules/readable-stream/lib/_stream_readable.js:681:20)
    at DerivedLogger.emit (node:events:539:35)
    at DerivedLogger.emit (node:domain:475:12)
    at addChunk (/Users/kparwan/.nvm/versions/node/v16.15.1/lib/node_modules/firebase-tools/node_modules/readable-stream/lib/_stream_readable.js:298:12)
[error] 
[error] Error: An unexpected error has occurred.
[debug] [2022-12-27T11:01:31.021Z] Error: write EIO
    at afterWriteDispatched (node:internal/stream_base_commons:160:15)
    at writeGeneric (node:internal/stream_base_commons:151:3)
    at WriteStream.Socket._writeGeneric (node:net:817:11)
    at WriteStream.Socket._write (node:net:829:8)
    at writeOrBuffer (node:internal/streams/writable:389:12)
    at _write (node:internal/streams/writable:330:10)
    at WriteStream.Writable.write (node:internal/streams/writable:334:10)
    at Console.log (/Users/kparwan/.nvm/versions/node/v16.15.1/lib/node_modules/firebase-tools/node_modules/winston/lib/winston/transports/console.js:79:23)
    at Console._write (/Users/kparwan/.nvm/versions/node/v16.15.1/lib/node_modules/firebase-tools/node_modules/winston-transport/index.js:103:17)
    at doWrite (/Users/kparwan/.nvm/versions/node/v16.15.1/lib/node_modules/firebase-tools/node_modules/winston-transport/node_modules/readable-stream/lib/_stream_writable.js:428:64)
    at writeOrBuffer (/Users/kparwan/.nvm/versions/node/v16.15.1/lib/node_modules/firebase-tools/node_modules/winston-transport/node_modules/readable-stream/lib/_stream_writable.js:417:5)
    at Console.Writable.write (/Users/kparwan/.nvm/versions/node/v16.15.1/lib/node_modules/firebase-tools/node_modules/winston-transport/node_modules/readable-stream/lib/_stream_writable.js:334:11)
    at DerivedLogger.ondata (/Users/kparwan/.nvm/versions/node/v16.15.1/lib/node_modules/firebase-tools/node_modules/readable-stream/lib/_stream_readable.js:681:20)
    at DerivedLogger.emit (node:events:539:35)
    at DerivedLogger.emit (node:domain:475:12)
    at addChunk (/Users/kparwan/.nvm/versions/node/v16.15.1/lib/node_modules/firebase-tools/node_modules/readable-stream/lib/_stream_readable.js:298:12)
[error] 
[error] Error: An unexpected error has occurred.
[debug] [2022-12-27T11:01:31.022Z] Error: write EIO
    at afterWriteDispatched (node:internal/stream_base_commons:160:15)
    at writeGeneric (node:internal/stream_base_commons:151:3)
    at WriteStream.Socket._writeGeneric (node:net:817:11)
    at WriteStream.Socket._write (node:net:829:8)
    at writeOrBuffer (node:internal/streams/writable:389:12)
    at _write (node:internal/streams/writable:330:10)
    at WriteStream.Writable.write (node:internal/streams/writable:334:10)
    at Console.log (/Users/kparwan/.nvm/versions/node/v16.15.1/lib/node_modules/firebase-tools/node_modules/winston/lib/winston/transports/console.js:79:23)
    at Console._write (/Users/kparwan/.nvm/versions/node/v16.15.1/lib/node_modules/firebase-tools/node_modules/winston-transport/index.js:103:17)
    at doWrite (/Users/kparwan/.nvm/versions/node/v16.15.1/lib/node_modules/firebase-tools/node_modules/winston-transport/node_modules/readable-stream/lib/_stream_writable.js:428:64)
    at writeOrBuffer (/Users/kparwan/.nvm/versions/node/v16.15.1/lib/node_modules/firebase-tools/node_modules/winston-transport/node_modules/readable-stream/lib/_stream_writable.js:417:5)
    at Console.Writable.write (/Users/kparwan/.nvm/versions/node/v16.15.1/lib/node_modules/firebase-tools/node_modules/winston-transport/node_modules/readable-stream/lib/_stream_writable.js:334:11)
    at DerivedLogger.ondata (/Users/kparwan/.nvm/versions/node/v16.15.1/lib/node_modules/firebase-tools/node_modules/readable-stream/lib/_stream_readable.js:681:20)
    at DerivedLogger.emit (node:events:539:35)
    at DerivedLogger.emit (node:domain:475:12)
    at addChunk (/Users/kparwan/.nvm/versions/node/v16.15.1/lib/node_modules/firebase-tools/node_modules/readable-stream/lib/_stream_readable.js:298:12)
[error] 
[error] Error: An unexpected error has occurred.
[debug] [2022-12-27T11:01:31.023Z] Error: write EIO
    at afterWriteDispatched (node:internal/stream_base_commons:160:15)
    at writeGeneric (node:internal/stream_base_commons:151:3)
    at WriteStream.Socket._writeGeneric (node:net:817:11)
    at WriteStream.Socket._write (node:net:829:8)
    at writeOrBuffer (node:internal/streams/writable:389:12)
    at _write (node:internal/streams/writable:330:10)
    at WriteStream.Writable.write (node:internal/streams/writable:334:10)
    at Console.log (/Users/kparwan/.nvm/versions/node/v16.15.1/lib/node_modules/firebase-tools/node_modules/winston/lib/winston/transports/console.js:79:23)
    at Console._write (/Users/kparwan/.nvm/versions/node/v16.15.1/lib/node_modules/firebase-tools/node_modules/winston-transport/index.js:103:17)
    at doWrite (/Users/kparwan/.nvm/versions/node/v16.15.1/lib/node_modules/firebase-tools/node_modules/winston-transport/node_modules/readable-stream/lib/_stream_writable.js:428:64)
    at writeOrBuffer (/Users/kparwan/.nvm/versions/node/v16.15.1/lib/node_modules/firebase-tools/node_modules/winston-transport/node_modules/readable-stream/lib/_stream_writable.js:417:5)
    at Console.Writable.write (/Users/kparwan/.nvm/versions/node/v16.15.1/lib/node_modules/firebase-tools/node_modules/winston-transport/node_modules/readable-stream/lib/_stream_writable.js:334:11)
    at DerivedLogger.ondata (/Users/kparwan/.nvm/versions/node/v16.15.1/lib/node_modules/firebase-tools/node_modules/readable-stream/lib/_stream_readable.js:681:20)
    at DerivedLogger.emit (node:events:539:35)
    at DerivedLogger.emit (node:domain:475:12)
    at addChunk (/Users/kparwan/.nvm/versions/node/v16.15.1/lib/node_modules/firebase-tools/node_modules/readable-stream/lib/_stream_readable.js:298:12)
[error] 
[error] Error: An unexpected error has occurred.
